<?xml version="1.0" encoding="UTF-8"?>
<testng-results skipped="0" failed="0" total="1" passed="1">
  <reporter-output>
  </reporter-output>
  <suite name="Default suite" duration-ms="18648" started-at="2018-11-05T05:11:25Z" finished-at="2018-11-05T05:11:44Z">
    <groups>
      <group name="cucumber">
        <method signature="AbstractTestNGCucumberTests.feature(cucumber.api.testng.CucumberFeatureWrapper)[pri:0, instance:com.RunnerClass.CucumberRunner@4883b407]" name="feature" class="cucumber.api.testng.AbstractTestNGCucumberTests"/>
      </group> <!-- cucumber -->
    </groups>
    <test name="Default test" duration-ms="18648" started-at="2018-11-05T05:11:25Z" finished-at="2018-11-05T05:11:44Z">
      <class name="com.RunnerClass.CucumberRunner">
        <test-method status="PASS" signature="setUpClass()[pri:0, instance:com.RunnerClass.CucumberRunner@4883b407]" name="setUpClass" is-config="true" duration-ms="313" started-at="2018-11-05T10:41:25Z" finished-at="2018-11-05T10:41:26Z">
          <reporter-output>
          </reporter-output>
        </test-method> <!-- setUpClass -->
        <test-method status="PASS" signature="feature(cucumber.api.testng.CucumberFeatureWrapper)[pri:0, instance:com.RunnerClass.CucumberRunner@4883b407]" name="feature" duration-ms="18135" started-at="2018-11-05T10:41:26Z" description="Runs Cucumber Feature" data-provider="features" finished-at="2018-11-05T10:41:44Z">
          <params>
            <param index="0">
              <value>
                <![CDATA[This feature file is design to validate the Home page Functnationalities with]]>
              </value>
            </param>
          </params>
          <reporter-output>
          </reporter-output>
        </test-method> <!-- feature -->
        <test-method status="PASS" signature="tearDownClass()[pri:0, instance:com.RunnerClass.CucumberRunner@4883b407]" name="tearDownClass" is-config="true" duration-ms="58" started-at="2018-11-05T10:41:44Z" finished-at="2018-11-05T10:41:44Z">
          <reporter-output>
          </reporter-output>
        </test-method> <!-- tearDownClass -->
      </class> <!-- com.RunnerClass.CucumberRunner -->
    </test> <!-- Default test -->
  </suite> <!-- Default suite -->
</testng-results>
